<?xml version="1.0" encoding="UTF-8"?>
<!-- Generated by org.testng.reporters.JUnitXMLReporter -->
<testsuite ignored="0" hostname="INODE18087.local" failures="1" tests="2" name="Surefire test" time="4.052" errors="0" timestamp="16 Mar 2022 04:47:04 GMT">
  <testcase classname="weatherTests.WeatherDetailsTest" name="getWeatherDetails" time="2.669">
    <failure type="java.lang.NullPointerException">
      <![CDATA[java.lang.NullPointerException
	at weatherTests.WeatherDetailsTest.getWeatherDetails(WeatherDetailsTest.java:25)
... Removed 30 stack frames]]>
    </failure>
  </testcase> <!-- getWeatherDetails -->
  <testcase classname="accountsTests.UserDetailsTest" name="getUserDetails" time="1.37"/>
</testsuite> <!-- Surefire test -->
