<?xml version="1.0" encoding="UTF-8"?>
<testsuite xmlns:xsi="http://www.w3.org/2001/XMLSchema-instance" xsi:noNamespaceSchemaLocation="https://maven.apache.org/surefire/maven-surefire-plugin/xsd/surefire-test-report-3.0.xsd" version="3.0" name="TestSuite" time="9.202" tests="2" errors="0" skipped="0" failures="1">
  <properties>
[...]
</properties>
  <testcase name="getWeatherDetails" classname="weatherTests.WeatherDetailsTest" time="2.671">
    <failure type="java.lang.NullPointerException"><![CDATA[java.lang.NullPointerException
	at weatherTests.WeatherDetailsTest.getWeatherDetails(WeatherDetailsTest.java:25)
]]></failure>
    <system-out><![CDATA[thread -- 1
10:16:58.066 [main] DEBUG curl - curl 'https://goweather.herokuapp.com/weather/Paris' -H 'Accept: */*' -H 'Host: goweather.herokuapp.com' -H 'Connection: Keep-Alive' -H 'User-Agent: Apache-HttpClient/4.5.3 (Java/11.0.11)' --compressed -k -v
 Response status code is --- 404
 WeatherEndpoint Response is : {"message":"NOT_FOUND"}
WeatherEndpoint Response headers --- 
Server=Cowboy
Connection=keep-alive
Content-Type=application/json
Date=Wed, 16 Mar 2022 04:46:58 GMT
Content-Length=23
Via=1.1 vegur
{"message":"NOT_FOUND"}
]]></system-out>
  </testcase>
  <testcase name="getUserDetails" classname="accountsTests.UserDetailsTest" time="1.37">
    <system-out><![CDATA[thread -- 1
10:16:59.173 [main] DEBUG curl - curl 'https://demoqa.com/Account/v1/User/44525dda-8032-49e2-a859-630d86d0bf16' -H 'Accept: */*' -H 'Host: demoqa.com' -H 'Connection: Keep-Alive' -H 'User-Agent: Apache-HttpClient/4.5.3 (Java/11.0.11)' -u 'test001:Test@1234' --compressed -k -v
 Response status code is --- 200
 UserEndpoint Response is : {"userId":"44525dda-8032-49e2-a859-630d86d0bf16","username":"test001","books":[{"isbn":"9781449337711","title":"Designing Evolvable Web APIs with ASP.NET","subTitle":"Harnessing the Power of the Web","author":"Glenn Block et al.","publish_date":"2020-06-04T09:12:43.000Z","publisher":"O'Reilly Media","pages":238,"description":"Design and build Web APIs for a broad range of clients—including browsers and mobile devices—that can adapt to change over time. This practical, hands-on guide takes you through the theory and tools you need to build evolvable HTTP services with Microsoft","website":"http://chimera.labs.oreilly.com/books/1234000001708/index.html"},{"isbn":"9781449365035","title":"Speaking JavaScript","subTitle":"An In-Depth Guide for Programmers","author":"Axel Rauschmayer","publish_date":"2014-02-01T00:00:00.000Z","publisher":"O'Reilly Media","pages":460,"description":"Like it or not, JavaScript is everywhere these days-from browser to server to mobile-and now you, too, need to learn the language or dive deeper than you have. This concise book guides you into and through JavaScript, written by a veteran programmer who o","website":"http://speakingjs.com/"}]}
UserEndpoint Response headers --- 
Server=nginx/1.17.10 (Ubuntu)
Date=Wed, 16 Mar 2022 04:46:59 GMT
Content-Type=application/json; charset=utf-8
Content-Length=1186
Connection=keep-alive
X-Powered-By=Express
ETag=W/"4a2-KfG8Rtr95vl2aJvT/hFe7st3kYM"
44525dda-8032-49e2-a859-630d86d0bf16
]]></system-out>
  </testcase>
</testsuite>