-------------------------------------------------------------------------------
Test set: TestSuite
-------------------------------------------------------------------------------
Tests run: 2, Failures: 1, Errors: 0, Skipped: 0, Time elapsed: 9.202 s <<< FAILURE! - in TestSuite
weatherTests.WeatherDetailsTest.getWeatherDetails  Time elapsed: 2.671 s  <<< FAILURE!
java.lang.NullPointerException
	at weatherTests.WeatherDetailsTest.getWeatherDetails(WeatherDetailsTest.java:25)

